<?xml version="1.0" encoding="UTF-8"?>
<!-- Generated by org.testng.reporters.JUnitReportReporter -->
<testsuite hostname="DESKTOP-TEQ8GR8" failures="0" tests="1" name="script.Testcase1" time="17.061" errors="0" timestamp="2022-07-09T15:24:43 IST" skipped="0">
  <testcase classname="script.Testcase1" name="tc1" time="17.061"/>
  <system-out/>
</testsuite> <!-- script.Testcase1 -->
